<?xml version="1.0" encoding="UTF-8"?>
<!-- Generated by org.testng.reporters.JUnitXMLReporter -->
<testsuite ignored="0" hostname="DESKTOP-CIHR3KA" failures="0" tests="3" name="Default test" time="15.428" errors="0" timestamp="2021-12-08T20:14:56 EST">
  <testcase classname="E2EFrameWork.HomePage" name="homePageOpen" time="6.641"/>
  <testcase classname="E2EFrameWork.HomePage" name="homePageOpen" time="2.619"/>
  <testcase classname="E2EFrameWork.HomePage" name="homePageOpen" time="2.992"/>
</testsuite> <!-- Default test -->
