<?xml version="1.0" encoding="UTF-8"?>
<!-- Generated by org.testng.reporters.JUnitXMLReporter -->
<testsuite ignored="0" hostname="DESKTOP-CIHR3KA" failures="0" tests="5" name="Test" time="29.721" errors="0" timestamp="2021-11-03T15:31:00 EDT">
  <testcase classname="E2EFrameWork.HomePage" name="homePageOpen" time="7.258"/>
  <testcase classname="E2EFrameWork.HomePage" name="homePageOpen" time="2.076"/>
  <testcase classname="E2EFrameWork.HomePage" name="homePageOpen" time="2.052"/>
  <testcase classname="E2EFrameWork.HomePageValidationtTitle" name="validateTitle" time="0.035"/>
  <testcase classname="E2EFrameWork.HomePageValidateNavigationPage" name="validateNavigationPage" time="0.051"/>
</testsuite> <!-- Test -->
