<?xml version="1.0" encoding="UTF-8"?>
<!-- Generated by org.testng.reporters.JUnitXMLReporter -->
<testsuite ignored="0" hostname="DESKTOP-CIHR3KA" failures="1" tests="2" name="Verifiction of title of Home Page" time="53.23" errors="0" timestamp="2021-12-09T23:35:11 EST">
  <testcase classname="E2EFrameWork.HomePageValidationtTitle" name="validateSubBannerTitle" time="5.204"/>
  <testcase classname="E2EFrameWork.HomePageValidationtTitle" name="validateTitle" time="0.024">
    <failure type="java.lang.AssertionError" message="expected [FEATURED COURSES123] but found [FEATURED COURSES]">
      <![CDATA[java.lang.AssertionError: expected [FEATURED COURSES123] but found [FEATURED COURSES]
at E2EFrameWork.HomePageValidationtTitle.validateTitle(HomePageValidationtTitle.java:40)
at java.base/java.util.ArrayList.forEach(ArrayList.java:1511)
at java.base/java.util.concurrent.FutureTask.run(FutureTask.java:264)
at java.base/java.util.concurrent.ThreadPoolExecutor.runWorker(ThreadPoolExecutor.java:1130)
at java.base/java.util.concurrent.ThreadPoolExecutor$Worker.run(ThreadPoolExecutor.java:630)
at java.base/java.lang.Thread.run(Thread.java:831)
... Removed 24 stack frames]]>
    </failure>
  </testcase> <!-- validateTitle -->
</testsuite> <!-- Verifiction of title of Home Page -->
