<?xml version="1.0" encoding="UTF-8"?>
<!-- Generated by org.testng.reporters.JUnitXMLReporter -->
<testsuite ignored="0" hostname="DESKTOP-CIHR3KA" failures="0" tests="5" name="Test" time="27.119" errors="0" timestamp="2021-11-03T19:09:14 EDT">
  <testcase classname="E2EFrameWork.HomePage" name="homePageOpen" time="6.729"/>
  <testcase classname="E2EFrameWork.HomePage" name="homePageOpen" time="2.865"/>
  <testcase classname="E2EFrameWork.HomePage" name="homePageOpen" time="2.837"/>
  <testcase classname="E2EFrameWork.HomePageValidationtTitle" name="validateTitle" time="0.04"/>
  <testcase classname="E2EFrameWork.HomePageValidateNavigationPage" name="validateNavigationPage" time="0.048"/>
</testsuite> <!-- Test -->
