<?xml version="1.0" encoding="UTF-8"?>
<!-- Generated by org.testng.reporters.JUnitXMLReporter -->
<testsuite ignored="0" hostname="DESKTOP-CIHR3KA" failures="1" tests="2" name="Verifiction of title of Home Page" time="4.921" errors="0" timestamp="2021-11-09T12:10:36 EST">
  <testcase classname="E2EFrameWork.HomePageValidationtTitle" name="validateSubBannerTitle" time="0.044"/>
  <testcase classname="E2EFrameWork.HomePageValidationtTitle" name="validateTitle" time="0.02">
    <failure type="java.lang.AssertionError" message="expected [FEATURED COURSES123] but found [FEATURED COURSES]">
      <![CDATA[java.lang.AssertionError: expected [FEATURED COURSES123] but found [FEATURED COURSES]
at E2EFrameWork.HomePageValidationtTitle.validateTitle(HomePageValidationtTitle.java:40)
at java.base/java.util.ArrayList.forEach(ArrayList.java:1540)
... Removed 37 stack frames]]>
    </failure>
  </testcase> <!-- validateTitle -->
</testsuite> <!-- Verifiction of title of Home Page -->
