<?xml version="1.0" encoding="UTF-8"?>
<!-- Generated by org.testng.reporters.JUnitXMLReporter -->
<testsuite ignored="0" hostname="DESKTOP-CIHR3KA" failures="0" tests="3" name="Verification of log in" time="14.739" errors="0" timestamp="2021-11-09T12:10:31 EST">
  <testcase classname="E2EFrameWork.HomePage" name="homePageOpen" time="6.379"/>
  <testcase classname="E2EFrameWork.HomePage" name="homePageOpen" time="2.679"/>
  <testcase classname="E2EFrameWork.HomePage" name="homePageOpen" time="2.622"/>
</testsuite> <!-- Verification of log in -->
