-------------------------------------------------------------------------------
Test set: TestSuite
-------------------------------------------------------------------------------
Tests run: 6, Failures: 1, Errors: 0, Skipped: 0, Time elapsed: 26.126 s <<< FAILURE! - in TestSuite
E2EFrameWork.HomePageValidationtTitle.validateTitle  Time elapsed: 0.254 s  <<< FAILURE!
java.lang.AssertionError: expected [FEATURED COURSES123] but found [FEATURED COURSES]
	at E2EFrameWork.HomePageValidationtTitle.validateTitle(HomePageValidationtTitle.java:40)

